0 info it worked if it ends with ok
1 verbose cli [ '/usr/local/bin/node',
1 verbose cli   '/usr/local/bin/npm',
1 verbose cli   'run',
1 verbose cli   'grunt',
1 verbose cli   'build' ]
2 info using npm@3.10.8
3 info using node@v6.9.1
4 verbose run-script [ 'pregrunt', 'grunt', 'postgrunt' ]
5 info lifecycle agora-gui-common@0.0.0~pregrunt: agora-gui-common@0.0.0
6 silly lifecycle agora-gui-common@0.0.0~pregrunt: no script for pregrunt, continuing
7 info lifecycle agora-gui-common@0.0.0~grunt: agora-gui-common@0.0.0
8 verbose lifecycle agora-gui-common@0.0.0~grunt: unsafe-perm in lifecycle true
9 verbose lifecycle agora-gui-common@0.0.0~grunt: PATH: /usr/local/lib/node_modules/npm/bin/node-gyp-bin:/home/jd/Code/EGC/agora-sync/agora-gui-common/node_modules/.bin:/usr/local/sbin:/usr/local/bin:/usr/bin:/opt/android-sdk/platform-tools:/usr/lib/jvm/default/bin:/usr/bin/site_perl:/usr/bin/vendor_perl:/usr/bin/core_perl:/usr/bin:/usr/local/sbin:/usr/local/bin:/opt/android-sdk/tools:/usr/lib/jvm/default/bin:/usr/bin/site_perl:/usr/bin/vendor_perl:/usr/bin/core_perl:/home/jd/.gem/ruby/2.2.0/bin:/opt/android-sdk/platform-tools:/home/jd/.rvm/bin:./node_modules/.bin
10 verbose lifecycle agora-gui-common@0.0.0~grunt: CWD: /home/jd/Code/EGC/agora-sync/agora-gui-common
11 silly lifecycle agora-gui-common@0.0.0~grunt: Args: [ '-c', 'grunt "build"' ]
12 silly lifecycle agora-gui-common@0.0.0~grunt: Returned: code: 3  signal: null
13 info lifecycle agora-gui-common@0.0.0~grunt: Failed to exec grunt script
14 verbose stack Error: agora-gui-common@0.0.0 grunt: `grunt "build"`
14 verbose stack Exit status 3
14 verbose stack     at EventEmitter.<anonymous> (/usr/local/lib/node_modules/npm/lib/utils/lifecycle.js:255:16)
14 verbose stack     at emitTwo (events.js:106:13)
14 verbose stack     at EventEmitter.emit (events.js:191:7)
14 verbose stack     at ChildProcess.<anonymous> (/usr/local/lib/node_modules/npm/lib/utils/spawn.js:40:14)
14 verbose stack     at emitTwo (events.js:106:13)
14 verbose stack     at ChildProcess.emit (events.js:191:7)
14 verbose stack     at maybeClose (internal/child_process.js:877:16)
14 verbose stack     at Process.ChildProcess._handle.onexit (internal/child_process.js:226:5)
15 verbose pkgid agora-gui-common@0.0.0
16 verbose cwd /home/jd/Code/EGC/agora-sync/agora-gui-common
17 error Linux 4.8.11-1-ARCH
18 error argv "/usr/local/bin/node" "/usr/local/bin/npm" "run" "grunt" "build"
19 error node v6.9.1
20 error npm  v3.10.8
21 error code ELIFECYCLE
22 error agora-gui-common@0.0.0 grunt: `grunt "build"`
22 error Exit status 3
23 error Failed at the agora-gui-common@0.0.0 grunt script 'grunt "build"'.
23 error Make sure you have the latest version of node.js and npm installed.
23 error If you do, this is most likely a problem with the agora-gui-common package,
23 error not with npm itself.
23 error Tell the author that this fails on your system:
23 error     grunt "build"
23 error You can get information on how to open an issue for this project with:
23 error     npm bugs agora-gui-common
23 error Or if that isn't available, you can get their info via:
23 error     npm owner ls agora-gui-common
23 error There is likely additional logging output above.
24 verbose exit [ 1, true ]
